Started by user [8mha:AAAAlh+LCAAAAAAAAP9b85aBtbiIQTGjNKU4P08vOT+vOD8nVc83PyU1x6OyILUoJzMv2y+/JJUBAhiZGBgqihhk0NSjKDWzXb3RdlLBUSYGJk8GtpzUvPSSDB8G5tKinBIGIZ+sxLJE/ZzEvHT94JKizLx0a6BxUmjGOUNodHsLgAzOEgYu/dLi1CL9vNKcHACFIKlWvwAAAA==[0manonymous
Running: Allocate node : Start
Running on master in /data/var/lib/jenkins/api-team/workspace/cd-workflow
Running: Allocate node : Body : Start
Running: Git
 > git rev-parse --is-inside-work-tree # timeout=10
Fetching changes from the remote Git repository
 > git config remote.origin.url https://github.com/lavaliere/workflow-plugin-pipeline-demo.git # timeout=10
Fetching upstream changes from https://github.com/lavaliere/workflow-plugin-pipeline-demo.git
 > git --version # timeout=10
 > git fetch --tags --progress https://github.com/lavaliere/workflow-plugin-pipeline-demo.git +refs/heads/*:refs/remotes/origin/*
 > git rev-parse refs/remotes/origin/master^{commit} # timeout=10
 > git rev-parse refs/remotes/origin/origin/master^{commit} # timeout=10
Checking out Revision 85580043401b53516e7a4894b54fe6d2b69e43a6 (refs/remotes/origin/master)
 > git config core.sparsecheckout # timeout=10
 > git checkout -f 85580043401b53516e7a4894b54fe6d2b69e43a6
Running: Loaded script: flow.groovy
Running: Evaluate a Groovy source file into the workflow script : Body : Start
Running: Evaluate a Groovy source file into the workflow script : Body : End
Running: Install a tool
Running: Dev
Entering stage Dev
Proceeding
Running: Shell Script
[cd-workflow] Running shell script
+ mvn install clean package
[INFO] Scanning for projects...
[INFO]                                                                         
[INFO] ------------------------------------------------------------------------
[INFO] Building demo-war Maven Webapp 1.0-SNAPSHOT
[INFO] ------------------------------------------------------------------------
Downloading: http://repo.maven.apache.org/maven2/org/apache/maven/plugins/maven-clean-plugin/2.5/maven-clean-plugin-2.5.pom
3/4 KB   4/4 KB            Downloaded: http://repo.maven.apache.org/maven2/org/apache/maven/plugins/maven-clean-plugin/2.5/maven-clean-plugin-2.5.pom (4 KB at 14.5 KB/sec)
Downloading: http://repo.maven.apache.org/maven2/org/apache/maven/plugins/maven-plugins/22/maven-plugins-22.pom
1/13 KB   5/13 KB   7/13 KB   8/13 KB   12/13 KB   13/13 KB              Downloaded: http://repo.maven.apache.org/maven2/org/apache/maven/plugins/maven-plugins/22/maven-plugins-22.pom (13 KB at 148.1 KB/sec)
Downloading: http://repo.maven.apache.org/maven2/org/apache/maven/plugins/maven-clean-plugin/2.5/maven-clean-plugin-2.5.jar
1/25 KB    5/25 KB   9/25 KB   11/25 KB   12/25 KB   14/25 KB   18/25 KB   20/25 KB   22/25 KB   25/25 KB              Downloaded: http://repo.maven.apache.org/maven2/org/apache/maven/plugins/maven-clean-plugin/2.5/maven-clean-plugin-2.5.jar (25 KB at 212.9 KB/sec)
[INFO] 
[INFO] --- maven-resources-plugin:2.3:resources (default-resources) @ demo-war ---
[WARNING] Using platform encoding (ANSI_X3.4-1968 actually) to copy filtered resources, i.e. build is platform dependent!
[INFO] skip non existing resourceDirectory /data/var/lib/jenkins/api-team/workspace/cd-workflow/src/main/resources
[INFO] 
[INFO] --- maven-compiler-plugin:2.0.2:compile (default-compile) @ demo-war ---
[INFO] No sources to compile
[INFO] 
[INFO] --- maven-resources-plugin:2.3:testResources (default-testResources) @ demo-war ---
[WARNING] Using platform encoding (ANSI_X3.4-1968 actually) to copy filtered resources, i.e. build is platform dependent!
[INFO] skip non existing resourceDirectory /data/var/lib/jenkins/api-team/workspace/cd-workflow/src/test/resources
[INFO] 
[INFO] --- maven-compiler-plugin:2.0.2:testCompile (default-testCompile) @ demo-war ---
[INFO] No sources to compile
[INFO] 
[INFO] --- maven-surefire-plugin:2.10:test (default-test) @ demo-war ---
[INFO] No tests to run.
[INFO] Surefire report directory: /data/var/lib/jenkins/api-team/workspace/cd-workflow/target/surefire-reports

-------------------------------------------------------
 T E S T S
-------------------------------------------------------

Results :

Tests run: 0, Failures: 0, Errors: 0, Skipped: 0

[INFO] 
[INFO] --- maven-war-plugin:2.1.1:war (default-war) @ demo-war ---
[INFO] Packaging webapp
[INFO] Assembling webapp [demo-war] in [/data/var/lib/jenkins/api-team/workspace/cd-workflow/target/x]
[INFO] Processing war project
[INFO] Copying webapp resources [/data/var/lib/jenkins/api-team/workspace/cd-workflow/src/main/webapp]
[INFO] Webapp assembled in [112 msecs]
[INFO] Building war: /data/var/lib/jenkins/api-team/workspace/cd-workflow/target/x.war
[INFO] WEB-INF/web.xml already added, skipping
[INFO] 
[INFO] --- maven-install-plugin:2.3:install (default-install) @ demo-war ---
[INFO] Installing /data/var/lib/jenkins/api-team/workspace/cd-workflow/target/x.war to /root/.m2/repository/org/jenkinsci/plugins/workflow/demo/demo-war/1.0-SNAPSHOT/demo-war-1.0-SNAPSHOT.war
[INFO] Installing /data/var/lib/jenkins/api-team/workspace/cd-workflow/pom.xml to /root/.m2/repository/org/jenkinsci/plugins/workflow/demo/demo-war/1.0-SNAPSHOT/demo-war-1.0-SNAPSHOT.pom
[INFO] 
[INFO] --- maven-clean-plugin:2.5:clean (default-clean) @ demo-war ---
Downloading: http://repo.maven.apache.org/maven2/org/codehaus/plexus/plexus-utils/3.0/plexus-utils-3.0.jar
1/221 KB   5/221 KB   9/221 KB   13/221 KB   17/221 KB   19/221 KB   22/221 KB   26/221 KB   30/221 KB   30/221 KB   34/221 KB   38/221 KB   42/221 KB   46/221 KB   46/221 KB   47/221 KB   50/221 KB   51/221 KB   53/221 KB   54/221 KB   58/221 KB   62/221 KB   65/221 KB   69/221 KB   73/221 KB   77/221 KB   81/221 KB   85/221 KB   85/221 KB   87/221 KB   89/221 KB   92/221 KB   93/221 KB   97/221 KB   101/221 KB   105/221 KB   109/221 KB   113/221 KB   117/221 KB   121/221 KB   125/221 KB   129/221 KB   133/221 KB   137/221 KB   141/221 KB   145/221 KB   149/221 KB   153/221 KB   156/221 KB   160/221 KB   160/221 KB   161/221 KB   165/221 KB   166/221 KB   168/221 KB   169/221 KB   170/221 KB   174/221 KB   176/221 KB   180/221 KB   184/221 KB   188/221 KB   192/221 KB   196/221 KB   200/221 KB   204/221 KB   208/221 KB   212/221 KB   216/221 KB   220/221 KB   221/221 KB                Downloaded: http://repo.maven.apache.org/maven2/org/codehaus/plexus/plexus-utils/3.0/plexus-utils-3.0.jar (221 KB at 1115.0 KB/sec)
[INFO] Deleting /data/var/lib/jenkins/api-team/workspace/cd-workflow/target
[INFO] 
[INFO] --- maven-resources-plugin:2.3:resources (default-resources) @ demo-war ---
[WARNING] Using platform encoding (ANSI_X3.4-1968 actually) to copy filtered resources, i.e. build is platform dependent!
[INFO] skip non existing resourceDirectory /data/var/lib/jenkins/api-team/workspace/cd-workflow/src/main/resources
[INFO] 
[INFO] --- maven-compiler-plugin:2.0.2:compile (default-compile) @ demo-war ---
[INFO] No sources to compile
[INFO] 
[INFO] --- maven-resources-plugin:2.3:testResources (default-testResources) @ demo-war ---
[WARNING] Using platform encoding (ANSI_X3.4-1968 actually) to copy filtered resources, i.e. build is platform dependent!
[INFO] skip non existing resourceDirectory /data/var/lib/jenkins/api-team/workspace/cd-workflow/src/test/resources
[INFO] 
[INFO] --- maven-compiler-plugin:2.0.2:testCompile (default-testCompile) @ demo-war ---
[INFO] No sources to compile
[INFO] 
[INFO] --- maven-surefire-plugin:2.10:test (default-test) @ demo-war ---
[INFO] No tests to run.
[INFO] Skipping execution of surefire because it has already been run for this configuration
[INFO] 
[INFO] --- maven-war-plugin:2.1.1:war (default-war) @ demo-war ---
[INFO] Packaging webapp
[INFO] Assembling webapp [demo-war] in [/data/var/lib/jenkins/api-team/workspace/cd-workflow/target/x]
[INFO] Processing war project
[INFO] Copying webapp resources [/data/var/lib/jenkins/api-team/workspace/cd-workflow/src/main/webapp]
[INFO] Webapp assembled in [38 msecs]
[INFO] Building war: /data/var/lib/jenkins/api-team/workspace/cd-workflow/target/x.war
[INFO] WEB-INF/web.xml already added, skipping
[INFO] ------------------------------------------------------------------------
[INFO] BUILD SUCCESS
[INFO] ------------------------------------------------------------------------
[INFO] Total time: 3.772s
[INFO] Finished at: Fri Dec 05 18:46:58 UTC 2014
[INFO] Final Memory: 15M/162M
[INFO] ------------------------------------------------------------------------
Running: Archive Artifacts
Running: QA
Entering stage QA
Proceeding
Running: Execute sub-workflows in parallel : Start
Running: Parallel branch: longerTests
Running: Parallel branch: quickerTests
Running: Shell Script
[cd-workflow] Running shell script
Running: Shell Script
+ cp target/x.war /tmp/webapps/9ff68cd7-74b0-4dbc-995f-889ab44fdb88.war
cp: cannot create regular file '/tmp/webapps/9ff68cd7-74b0-4dbc-995f-889ab44fdb88.war': No such file or directory
[cd-workflow] Running shell script
+ cp target/x.war /tmp/webapps/875da380-1827-4631-a99e-7b04f41bb73a.war
cp: cannot create regular file '/tmp/webapps/875da380-1827-4631-a99e-7b04f41bb73a.war': No such file or directory
Running: Execute sub-workflows in parallel : Body : End
Running: Execute sub-workflows in parallel : Body : End
Running: Execute sub-workflows in parallel : End
Running: Allocate node : Body : End
Running: Allocate node : End
Running: End of Workflow
org.jenkinsci.plugins.workflow.cps.steps.ParallelStepException: Parallel step quickerTests failed
	at org.jenkinsci.plugins.workflow.cps.steps.ParallelStep$ResultHandler$Callback.checkAllDone(ParallelStep.java:126)
	at org.jenkinsci.plugins.workflow.cps.steps.ParallelStep$ResultHandler$Callback.onFailure(ParallelStep.java:105)
	at org.jenkinsci.plugins.workflow.cps.CpsBodyExecution$FailureAdapter.receive(CpsBodyExecution.java:295)
	at com.cloudbees.groovy.cps.impl.ThrowBlock$1.receive(ThrowBlock.java:68)
	at com.cloudbees.groovy.cps.impl.ConstantBlock.eval(ConstantBlock.java:21)
	at com.cloudbees.groovy.cps.Next.step(Next.java:58)
	at com.cloudbees.groovy.cps.Continuable.run0(Continuable.java:145)
	at org.jenkinsci.plugins.workflow.cps.CpsThread.runNextChunk(CpsThread.java:164)
	at org.jenkinsci.plugins.workflow.cps.CpsThreadGroup.run(CpsThreadGroup.java:262)
	at org.jenkinsci.plugins.workflow.cps.CpsThreadGroup.access$000(CpsThreadGroup.java:70)
	at org.jenkinsci.plugins.workflow.cps.CpsThreadGroup$2.call(CpsThreadGroup.java:174)
	at org.jenkinsci.plugins.workflow.cps.CpsThreadGroup$2.call(CpsThreadGroup.java:172)
	at org.jenkinsci.plugins.workflow.cps.CpsVmExecutorService$2.call(CpsVmExecutorService.java:47)
	at java.util.concurrent.FutureTask.run(FutureTask.java:262)
	at hudson.remoting.SingleLaneExecutorService$1.run(SingleLaneExecutorService.java:111)
	at jenkins.util.ContextResettingExecutorService$1.run(ContextResettingExecutorService.java:28)
	at java.util.concurrent.Executors$RunnableAdapter.call(Executors.java:471)
	at java.util.concurrent.FutureTask.run(FutureTask.java:262)
	at java.util.concurrent.ThreadPoolExecutor.runWorker(ThreadPoolExecutor.java:1145)
	at java.util.concurrent.ThreadPoolExecutor$Worker.run(ThreadPoolExecutor.java:615)
	at java.lang.Thread.run(Thread.java:745)
Caused by: hudson.AbortException: script returned exit code 1
	at org.jenkinsci.plugins.workflow.steps.durable_task.DurableTaskStep$Execution.check(DurableTaskStep.java:205)
	at org.jenkinsci.plugins.workflow.steps.durable_task.DurableTaskStep$Execution.run(DurableTaskStep.java:159)
	at java.util.concurrent.Executors$RunnableAdapter.call(Executors.java:471)
	at java.util.concurrent.FutureTask.run(FutureTask.java:262)
	at java.util.concurrent.ScheduledThreadPoolExecutor$ScheduledFutureTask.access$201(ScheduledThreadPoolExecutor.java:178)
	at java.util.concurrent.ScheduledThreadPoolExecutor$ScheduledFutureTask.run(ScheduledThreadPoolExecutor.java:292)
	... 3 more
Finished: FAILURE
