Started by user [8mha:AAAAlh+LCAAAAAAAAP9b85aBtbiIQTGjNKU4P08vOT+vOD8nVc83PyU1x6OyILUoJzMv2y+/JJUBAhiZGBgqihhk0NSjKDWzXb3RdlLBUSYGJk8GtpzUvPSSDB8G5tKinBIGIZ+sxLJE/ZzEvHT94JKizLx0a6BxUmjGOUNodHsLgAzOEgYu/dLi1CL9vNKcHACFIKlWvwAAAA==[0manonymous
Building in workspace /data/var/lib/jenkins/api-team/workspace/Wildfly/build
Cloning the remote Git repository
Cloning repository https://github.com/jenkinsbyexample/jenkins-cd-jboss.git
 > git init /data/var/lib/jenkins/api-team/workspace/Wildfly/build
Fetching upstream changes from https://github.com/jenkinsbyexample/jenkins-cd-jboss.git
 > git --version
using .gitcredentials to set credentials
 > git config --local credential.helper store --file=/tmp/git2861080257170599497.credentials
 > git fetch --tags --progress https://github.com/jenkinsbyexample/jenkins-cd-jboss.git +refs/heads/*:refs/remotes/origin/*
 > git config --local --remove-section credential
 > git config remote.origin.url https://github.com/jenkinsbyexample/jenkins-cd-jboss.git
 > git config remote.origin.fetch +refs/heads/*:refs/remotes/origin/*
 > git config remote.origin.url https://github.com/jenkinsbyexample/jenkins-cd-jboss.git
Fetching upstream changes from https://github.com/jenkinsbyexample/jenkins-cd-jboss.git
using .gitcredentials to set credentials
 > git config --local credential.helper store --file=/tmp/git7103368497814582291.credentials
 > git fetch --tags --progress https://github.com/jenkinsbyexample/jenkins-cd-jboss.git +refs/heads/*:refs/remotes/origin/*
 > git config --local --remove-section credential
 > git rev-parse origin/master^{commit}
Checking out Revision cbb851e54099446b0ecf302d17629c36b5d4dc13 (origin/master)
 > git config core.sparsecheckout
 > git checkout -f cbb851e54099446b0ecf302d17629c36b5d4dc13
First time build. Skipping changelog.
ERROR: Failed to parse POMs
[8mha:AAAAWB+LCAAAAAAAAP9b85aBtbiIQSmjNKU4P08vOT+vOD8nVc8DzHWtSE4tKMnMz/PLL0ldFVf2c+b/lb5MDAwVRQxSaBqcITRIIQMEMIIUFgAAckCEiWAAAAA=[0morg.kohsuke.stapler.framework.io.IOException2: hudson.maven.MavenEmbedderException: Couldn't find maven version information in '/data/var/lib/jenkins/api-team/tools/hudson.tasks.Maven_MavenInstallation/Maven_3'. Are you sure that this is a valid maven home?
	at hudson.maven.MavenVersionCallable.call(MavenVersionCallable.java:74)
	at hudson.maven.MavenVersionCallable.call(MavenVersionCallable.java:42)
	at hudson.FilePath.act(FilePath.java:1006)
	at hudson.maven.MavenModuleSetBuild$MavenModuleSetBuildExecution.doRun(MavenModuleSetBuild.java:627)
	at hudson.model.AbstractBuild$AbstractBuildExecution.run(AbstractBuild.java:585)
	at hudson.model.Run.execute(Run.java:1684)
	at hudson.maven.MavenModuleSetBuild.run(MavenModuleSetBuild.java:529)
	at hudson.model.ResourceController.execute(ResourceController.java:88)
	at hudson.model.Executor.run(Executor.java:231)
Caused by: hudson.maven.MavenEmbedderException: Couldn't find maven version information in '/data/var/lib/jenkins/api-team/tools/hudson.tasks.Maven_MavenInstallation/Maven_3'. Are you sure that this is a valid maven home?
	at hudson.maven.MavenEmbedderUtils.getMavenVersion(MavenEmbedderUtils.java:198)
	at hudson.maven.MavenVersionCallable.call(MavenVersionCallable.java:70)
	... 8 more
Archiving artifacts
Finished: FAILURE
